CRITICAL - 2025-12-03 07:43:45 --> Error: Class "App\Controllers\RestfulController" not found
[Method: POST, Route: registrasi]
in APPPATH\Controllers\RegistrasiController.php on line 6.
 1 SYSTEMPATH\Autoloader\Autoloader.php(315): include_once()
 2 SYSTEMPATH\Autoloader\Autoloader.php(295): CodeIgniter\Autoloader\Autoloader->includeFile('D:\\laragon\\www\\codeigniter4-framework-v4.6.3-0-g68d1a58\\toko-api\\app\\Controllers\\RegistrasiController.php')
 3 SYSTEMPATH\Autoloader\Autoloader.php(271): CodeIgniter\Autoloader\Autoloader->loadInNamespace('App\\Controllers\\RegistrasiController')
 4 [internal function]: CodeIgniter\Autoloader\Autoloader->loadClass('App\\Controllers\\RegistrasiController')
 5 SYSTEMPATH\CodeIgniter.php(885): class_exists('\\App\\Controllers\\RegistrasiController', true)
 6 SYSTEMPATH\CodeIgniter.php(494): CodeIgniter\CodeIgniter->startController()
 7 SYSTEMPATH\CodeIgniter.php(354): CodeIgniter\CodeIgniter->handleRequest(null, Object(Config\Cache), false)
 8 SYSTEMPATH\Boot.php(363): CodeIgniter\CodeIgniter->run()
 9 SYSTEMPATH\Boot.php(68): CodeIgniter\Boot::runCodeIgniter(Object(CodeIgniter\CodeIgniter))
10 FCPATH\index.php(59): CodeIgniter\Boot::bootWeb(Object(Config\Paths))
11 SYSTEMPATH\rewrite.php(44): require_once('D:\\laragon\\www\\codeigniter4-framework-v4.6.3-0-g68d1a58\\toko-api\\public\\index.php')
CRITICAL - 2025-12-03 07:43:47 --> Error: Class "App\Controllers\RestfulController" not found
[Method: POST, Route: registrasi]
in APPPATH\Controllers\RegistrasiController.php on line 6.
 1 SYSTEMPATH\Autoloader\Autoloader.php(315): include_once()
 2 SYSTEMPATH\Autoloader\Autoloader.php(295): CodeIgniter\Autoloader\Autoloader->includeFile('D:\\laragon\\www\\codeigniter4-framework-v4.6.3-0-g68d1a58\\toko-api\\app\\Controllers\\RegistrasiController.php')
 3 SYSTEMPATH\Autoloader\Autoloader.php(271): CodeIgniter\Autoloader\Autoloader->loadInNamespace('App\\Controllers\\RegistrasiController')
 4 [internal function]: CodeIgniter\Autoloader\Autoloader->loadClass('App\\Controllers\\RegistrasiController')
 5 SYSTEMPATH\CodeIgniter.php(885): class_exists('\\App\\Controllers\\RegistrasiController', true)
 6 SYSTEMPATH\CodeIgniter.php(494): CodeIgniter\CodeIgniter->startController()
 7 SYSTEMPATH\CodeIgniter.php(354): CodeIgniter\CodeIgniter->handleRequest(null, Object(Config\Cache), false)
 8 SYSTEMPATH\Boot.php(363): CodeIgniter\CodeIgniter->run()
 9 SYSTEMPATH\Boot.php(68): CodeIgniter\Boot::runCodeIgniter(Object(CodeIgniter\CodeIgniter))
10 FCPATH\index.php(59): CodeIgniter\Boot::bootWeb(Object(Config\Paths))
11 SYSTEMPATH\rewrite.php(44): require_once('D:\\laragon\\www\\codeigniter4-framework-v4.6.3-0-g68d1a58\\toko-api\\public\\index.php')
CRITICAL - 2025-12-03 07:45:56 --> Error: Class "App\Controllers\RestfulController" not found
[Method: POST, Route: registrasi]
in APPPATH\Controllers\RegistrasiController.php on line 6.
 1 SYSTEMPATH\Autoloader\Autoloader.php(315): include_once()
 2 SYSTEMPATH\Autoloader\Autoloader.php(295): CodeIgniter\Autoloader\Autoloader->includeFile('D:\\laragon\\www\\codeigniter4-framework-v4.6.3-0-g68d1a58\\toko-api\\app\\Controllers\\RegistrasiController.php')
 3 SYSTEMPATH\Autoloader\Autoloader.php(271): CodeIgniter\Autoloader\Autoloader->loadInNamespace('App\\Controllers\\RegistrasiController')
 4 [internal function]: CodeIgniter\Autoloader\Autoloader->loadClass('App\\Controllers\\RegistrasiController')
 5 SYSTEMPATH\CodeIgniter.php(885): class_exists('\\App\\Controllers\\RegistrasiController', true)
 6 SYSTEMPATH\CodeIgniter.php(494): CodeIgniter\CodeIgniter->startController()
 7 SYSTEMPATH\CodeIgniter.php(354): CodeIgniter\CodeIgniter->handleRequest(null, Object(Config\Cache), false)
 8 SYSTEMPATH\Boot.php(363): CodeIgniter\CodeIgniter->run()
 9 SYSTEMPATH\Boot.php(68): CodeIgniter\Boot::runCodeIgniter(Object(CodeIgniter\CodeIgniter))
10 FCPATH\index.php(59): CodeIgniter\Boot::bootWeb(Object(Config\Paths))
11 SYSTEMPATH\rewrite.php(44): require_once('D:\\laragon\\www\\codeigniter4-framework-v4.6.3-0-g68d1a58\\toko-api\\public\\index.php')
CRITICAL - 2025-12-03 07:46:48 --> Error: Class "App\Controllers\RestfulController" not found
[Method: POST, Route: registrasi]
in APPPATH\Controllers\RegistrasiController.php on line 6.
 1 SYSTEMPATH\Autoloader\Autoloader.php(315): include_once()
 2 SYSTEMPATH\Autoloader\Autoloader.php(295): CodeIgniter\Autoloader\Autoloader->includeFile('D:\\laragon\\www\\codeigniter4-framework-v4.6.3-0-g68d1a58\\toko-api\\app\\Controllers\\RegistrasiController.php')
 3 SYSTEMPATH\Autoloader\Autoloader.php(271): CodeIgniter\Autoloader\Autoloader->loadInNamespace('App\\Controllers\\RegistrasiController')
 4 [internal function]: CodeIgniter\Autoloader\Autoloader->loadClass('App\\Controllers\\RegistrasiController')
 5 SYSTEMPATH\CodeIgniter.php(885): class_exists('\\App\\Controllers\\RegistrasiController', true)
 6 SYSTEMPATH\CodeIgniter.php(494): CodeIgniter\CodeIgniter->startController()
 7 SYSTEMPATH\CodeIgniter.php(354): CodeIgniter\CodeIgniter->handleRequest(null, Object(Config\Cache), false)
 8 SYSTEMPATH\Boot.php(363): CodeIgniter\CodeIgniter->run()
 9 SYSTEMPATH\Boot.php(68): CodeIgniter\Boot::runCodeIgniter(Object(CodeIgniter\CodeIgniter))
10 FCPATH\index.php(59): CodeIgniter\Boot::bootWeb(Object(Config\Paths))
11 SYSTEMPATH\rewrite.php(44): require_once('D:\\laragon\\www\\codeigniter4-framework-v4.6.3-0-g68d1a58\\toko-api\\public\\index.php')
CRITICAL - 2025-12-03 07:46:49 --> Error: Class "App\Controllers\RestfulController" not found
[Method: POST, Route: registrasi]
in APPPATH\Controllers\RegistrasiController.php on line 6.
 1 SYSTEMPATH\Autoloader\Autoloader.php(315): include_once()
 2 SYSTEMPATH\Autoloader\Autoloader.php(295): CodeIgniter\Autoloader\Autoloader->includeFile('D:\\laragon\\www\\codeigniter4-framework-v4.6.3-0-g68d1a58\\toko-api\\app\\Controllers\\RegistrasiController.php')
 3 SYSTEMPATH\Autoloader\Autoloader.php(271): CodeIgniter\Autoloader\Autoloader->loadInNamespace('App\\Controllers\\RegistrasiController')
 4 [internal function]: CodeIgniter\Autoloader\Autoloader->loadClass('App\\Controllers\\RegistrasiController')
 5 SYSTEMPATH\CodeIgniter.php(885): class_exists('\\App\\Controllers\\RegistrasiController', true)
 6 SYSTEMPATH\CodeIgniter.php(494): CodeIgniter\CodeIgniter->startController()
 7 SYSTEMPATH\CodeIgniter.php(354): CodeIgniter\CodeIgniter->handleRequest(null, Object(Config\Cache), false)
 8 SYSTEMPATH\Boot.php(363): CodeIgniter\CodeIgniter->run()
 9 SYSTEMPATH\Boot.php(68): CodeIgniter\Boot::runCodeIgniter(Object(CodeIgniter\CodeIgniter))
10 FCPATH\index.php(59): CodeIgniter\Boot::bootWeb(Object(Config\Paths))
11 SYSTEMPATH\rewrite.php(44): require_once('D:\\laragon\\www\\codeigniter4-framework-v4.6.3-0-g68d1a58\\toko-api\\public\\index.php')
